<DEBUG> <MainProcess(6688)> <31-May-20 02:09:50>     <running on python version: 3.5.3 (default, Sep 27 2018, 17:25:39) 
[GCC 6.3.0 20170516]>      <root-bluez_0.py-<module>-line 11>
<DEBUG> <MainProcess(6688)> <31-May-20 02:09:50>     <{'/org/bluez': {'org.bluez.AgentManager1': {},
                'org.bluez.ProfileManager1': {},
                'org.freedesktop.DBus.Introspectable': {}},
 '/org/bluez/hci0': {'org.bluez.Adapter1': {'Address': 'B8:27:EB:E7:44:E3',
                                            'AddressType': 'public',
                                            'Alias': 'thingsGate02',
                                            'Class': 4718592,
                                            'Discoverable': False,
                                            'DiscoverableTimeout': 180,
                                            'Discovering': False,
                                            'Modalias': 'usb:v1D6Bp0246d0532',
                                            'Name': 'thingsGate02',
                                            'Pairable': True,
                                            'PairableTimeout': 0,
                                            'Powered': True,
                                            'UUIDs': ['00001112-0000-1000-8000-00805f9b34fb',
                                                      '00001801-0000-1000-8000-00805f9b34fb',
                                                      '0000110e-0000-1000-8000-00805f9b34fb',
                                                      '00001800-0000-1000-8000-00805f9b34fb',
                                                      '00001200-0000-1000-8000-00805f9b34fb',
                                                      '0000110c-0000-1000-8000-00805f9b34fb',
                                                      '0000110a-0000-1000-8000-00805f9b34fb',
                                                      '0000111f-0000-1000-8000-00805f9b34fb',
                                                      '12345678-1234-5678-1234-56789abcdfff']},
                     'org.bluez.GattManager1': {},
                     'org.bluez.LEAdvertisingManager1': {'ActiveInstances': 1,
                                                         'SupportedIncludes': ['tx-power',
                                                                               'appearance',
                                                                               'local-name'],
                                                         'SupportedInstances': 4},
                     'org.bluez.Media1': {},
                     'org.bluez.NetworkServer1': {},
                     'org.freedesktop.DBus.Introspectable': {},
                     'org.freedesktop.DBus.Properties': {}},
 '/org/bluez/hci0/dev_28_16_AD_31_33_F4': {'org.bluez.Device1': {'Adapter': '/org/bluez/hci0',
                                                                 'Address': '28:16:AD:31:33:F4',
                                                                 'AddressType': 'public',
                                                                 'Alias': 'luis',
                                                                 'Blocked': False,
                                                                 'Class': 1835276,
                                                                 'Connected': False,
                                                                 'Icon': 'computer',
                                                                 'LegacyPairing': False,
                                                                 'Name': 'luis',
                                                                 'Paired': False,
                                                                 'ServicesResolved': False,
                                                                 'Trusted': True,
                                                                 'UUIDs': ['00001800-0000-1000-8000-00805f9b34fb',
                                                                           '00001801-0000-1000-8000-00805f9b34fb']},
                                           'org.freedesktop.DBus.Introspectable': {},
                                           'org.freedesktop.DBus.Properties': {}},
 '/org/bluez/hci0/dev_77_A9_B8_22_55_16': {'org.bluez.Device1': {'Adapter': '/org/bluez/hci0',
                                                                 'Address': '77:A9:B8:22:55:16',
                                                                 'AddressType': 'random',
                                                                 'Alias': 'Test '
                                                                          'Luis '
                                                                          '1',
                                                                 'Blocked': False,
                                                                 'Connected': True,
                                                                 'LegacyPairing': False,
                                                                 'Name': 'Test '
                                                                         'Luis '
                                                                         '1',
                                                                 'Paired': False,
                                                                 'ServicesResolved': True,
                                                                 'Trusted': False,
                                                                 'UUIDs': ['00001800-0000-1000-8000-00805f9b34fb',
                                                                           '00001801-0000-1000-8000-00805f9b34fb',
                                                                           '0000180d-0000-1000-8000-00805f9b34fb',
                                                                           '0000181c-0000-1000-8000-00805f9b34fb',
                                                                           '0000aaa0-0000-1000-8000-aabbccddeeff',
                                                                           '16bcfd00-253f-c348-e831-0db3e334d580',
                                                                           'abbafc00-e56a-484c-b832-8b17cf6cbfe8']},
                                           'org.freedesktop.DBus.Introspectable': {},
                                           'org.freedesktop.DBus.Properties': {}},
 '/org/bluez/hci0/dev_77_A9_B8_22_55_16/service0001': {'org.bluez.GattService1': {'Device': '/org/bluez/hci0/dev_77_A9_B8_22_55_16',
                                                                                  'Includes': [],
                                                                                  'Primary': True,
                                                                                  'UUID': '00001801-0000-1000-8000-00805f9b34fb'},
                                                       'org.freedesktop.DBus.Introspectable': {},
                                                       'org.freedesktop.DBus.Properties': {}},
 '/org/bluez/hci0/dev_77_A9_B8_22_55_16/service0001/char0002': {'org.bluez.GattCharacteristic1': {'Flags': ['indicate'],
                                                                                                  'Notifying': False,
                                                                                                  'Service': '/org/bluez/hci0/dev_77_A9_B8_22_55_16/service0001',
                                                                                                  'UUID': '00002a05-0000-1000-8000-00805f9b34fb',
                                                                                                  'Value': []},
                                                                'org.freedesktop.DBus.Introspectable': {},
                                                                'org.freedesktop.DBus.Properties': {}},
 '/org/bluez/hci0/dev_77_A9_B8_22_55_16/service0028': {'org.bluez.GattService1': {'Device': '/org/bluez/hci0/dev_77_A9_B8_22_55_16',
                                                                                  'Includes': [],
                                                                                  'Primary': True,
                                                                                  'UUID': 'abbafc00-e56a-484c-b832-8b17cf6cbfe8'},
                                                       'org.freedesktop.DBus.Introspectable': {},
                                                       'org.freedesktop.DBus.Properties': {}},
 '/org/bluez/hci0/dev_77_A9_B8_22_55_16/service0028/char0029': {'org.bluez.GattCharacteristic1': {'Flags': ['read',
                                                                                                            'notify'],
                                                                                                  'NotifyAcquired': False,
                                                                                                  'Notifying': False,
                                                                                                  'Service': '/org/bluez/hci0/dev_77_A9_B8_22_55_16/service0028',
                                                                                                  'UUID': 'abbafc01-e56a-484c-b832-8b17cf6cbfe8',
                                                                                                  'Value': []},
                                                                'org.freedesktop.DBus.Introspectable': {},
                                                                'org.freedesktop.DBus.Properties': {}},
 '/org/bluez/hci0/dev_77_A9_B8_22_55_16/service0028/char0029/desc002b': {'org.bluez.GattDescriptor1': {'Characteristic': '/org/bluez/hci0/dev_77_A9_B8_22_55_16/service0028/char0029',
                                                                                                       'UUID': '00002902-0000-1000-8000-00805f9b34fb',
                                                                                                       'Value': []},
                                                                         'org.freedesktop.DBus.Introspectable': {},
                                                                         'org.freedesktop.DBus.Properties': {}},
 '/org/bluez/hci0/dev_77_A9_B8_22_55_16/service0028/char002c': {'org.bluez.GattCharacteristic1': {'Flags': ['read',
                                                                                                            'notify'],
                                                                                                  'NotifyAcquired': False,
                                                                                                  'Notifying': False,
                                                                                                  'Service': '/org/bluez/hci0/dev_77_A9_B8_22_55_16/service0028',
                                                                                                  'UUID': 'abbafc02-e56a-484c-b832-8b17cf6cbfe8',
                                                                                                  'Value': []},
                                                                'org.freedesktop.DBus.Introspectable': {},
                                                                'org.freedesktop.DBus.Properties': {}},
 '/org/bluez/hci0/dev_77_A9_B8_22_55_16/service0028/char002c/desc002e': {'org.bluez.GattDescriptor1': {'Characteristic': '/org/bluez/hci0/dev_77_A9_B8_22_55_16/service0028/char002c',
                                                                                                       'UUID': '00002902-0000-1000-8000-00805f9b34fb',
                                                                                                       'Value': []},
                                                                         'org.freedesktop.DBus.Introspectable': {},
                                                                         'org.freedesktop.DBus.Properties': {}},
 '/org/bluez/hci0/dev_77_A9_B8_22_55_16/service0028/char002f': {'org.bluez.GattCharacteristic1': {'Flags': ['notify'],
                                                                                                  'NotifyAcquired': False,
                                                                                                  'Notifying': False,
                                                                                                  'Service': '/org/bluez/hci0/dev_77_A9_B8_22_55_16/service0028',
                                                                                                  'UUID': 'abbafc03-e56a-484c-b832-8b17cf6cbfe8',
                                                                                                  'Value': []},
                                                                'org.freedesktop.DBus.Introspectable': {},
                                                                'org.freedesktop.DBus.Properties': {}},
 '/org/bluez/hci0/dev_77_A9_B8_22_55_16/service0028/char002f/desc0031': {'org.bluez.GattDescriptor1': {'Characteristic': '/org/bluez/hci0/dev_77_A9_B8_22_55_16/service0028/char002f',
                                                                                                       'UUID': '00002902-0000-1000-8000-00805f9b34fb',
                                                                                                       'Value': []},
                                                                         'org.freedesktop.DBus.Introspectable': {},
                                                                         'org.freedesktop.DBus.Properties': {}},
 '/org/bluez/hci0/dev_77_A9_B8_22_55_16/service0032': {'org.bluez.GattService1': {'Device': '/org/bluez/hci0/dev_77_A9_B8_22_55_16',
                                                                                  'Includes': [],
                                                                                  'Primary': True,
                                                                                  'UUID': '16bcfd00-253f-c348-e831-0db3e334d580'},
                                                       'org.freedesktop.DBus.Introspectable': {},
                                                       'org.freedesktop.DBus.Properties': {}},
 '/org/bluez/hci0/dev_77_A9_B8_22_55_16/service0032/char0033': {'org.bluez.GattCharacteristic1': {'Flags': ['read',
                                                                                                            'notify'],
                                                                                                  'NotifyAcquired': False,
                                                                                                  'Notifying': False,
                                                                                                  'Service': '/org/bluez/hci0/dev_77_A9_B8_22_55_16/service0032',
                                                                                                  'UUID': '16bcfd04-253f-c348-e831-0db3e334d580',
                                                                                                  'Value': []},
                                                                'org.freedesktop.DBus.Introspectable': {},
                                                                'org.freedesktop.DBus.Properties': {}},
 '/org/bluez/hci0/dev_77_A9_B8_22_55_16/service0032/char0033/desc0035': {'org.bluez.GattDescriptor1': {'Characteristic': '/org/bluez/hci0/dev_77_A9_B8_22_55_16/service0032/char0033',
                                                                                                       'UUID': '00002902-0000-1000-8000-00805f9b34fb',
                                                                                                       'Value': []},
                                                                         'org.freedesktop.DBus.Introspectable': {},
                                                                         'org.freedesktop.DBus.Properties': {}},
 '/org/bluez/hci0/dev_77_A9_B8_22_55_16/service0032/char0036': {'org.bluez.GattCharacteristic1': {'Flags': ['notify'],
                                                                                                  'NotifyAcquired': False,
                                                                                                  'Notifying': False,
                                                                                                  'Service': '/org/bluez/hci0/dev_77_A9_B8_22_55_16/service0032',
                                                                                                  'UUID': '16bcfd02-253f-c348-e831-0db3e334d580',
                                                                                                  'Value': []},
                                                                'org.freedesktop.DBus.Introspectable': {},
                                                                'org.freedesktop.DBus.Properties': {}},
 '/org/bluez/hci0/dev_77_A9_B8_22_55_16/service0032/char0036/desc0038': {'org.bluez.GattDescriptor1': {'Characteristic': '/org/bluez/hci0/dev_77_A9_B8_22_55_16/service0032/char0036',
                                                                                                       'UUID': '00002902-0000-1000-8000-00805f9b34fb',
                                                                                                       'Value': []},
                                                                         'org.freedesktop.DBus.Introspectable': {},
                                                                         'org.freedesktop.DBus.Properties': {}},
 '/org/bluez/hci0/dev_77_A9_B8_22_55_16/service0032/char0039': {'org.bluez.GattCharacteristic1': {'Flags': ['write'],
                                                                                                  'Service': '/org/bluez/hci0/dev_77_A9_B8_22_55_16/service0032',
                                                                                                  'UUID': '16bcfd01-253f-c348-e831-0db3e334d580',
                                                                                                  'Value': []},
                                                                'org.freedesktop.DBus.Introspectable': {},
                                                                'org.freedesktop.DBus.Properties': {}},
 '/org/bluez/hci0/dev_77_A9_B8_22_55_16/service0032/char003b': {'org.bluez.GattCharacteristic1': {'Flags': ['notify'],
                                                                                                  'NotifyAcquired': False,
                                                                                                  'Notifying': False,
                                                                                                  'Service': '/org/bluez/hci0/dev_77_A9_B8_22_55_16/service0032',
                                                                                                  'UUID': '16bcfd03-253f-c348-e831-0db3e334d580',
                                                                                                  'Value': []},
                                                                'org.freedesktop.DBus.Introspectable': {},
                                                                'org.freedesktop.DBus.Properties': {}},
 '/org/bluez/hci0/dev_77_A9_B8_22_55_16/service0032/char003b/desc003d': {'org.bluez.GattDescriptor1': {'Characteristic': '/org/bluez/hci0/dev_77_A9_B8_22_55_16/service0032/char003b',
                                                                                                       'UUID': '00002902-0000-1000-8000-00805f9b34fb',
                                                                                                       'Value': []},
                                                                         'org.freedesktop.DBus.Introspectable': {},
                                                                         'org.freedesktop.DBus.Properties': {}},
 '/org/bluez/hci0/dev_77_A9_B8_22_55_16/service003e': {'org.bluez.GattService1': {'Device': '/org/bluez/hci0/dev_77_A9_B8_22_55_16',
                                                                                  'Includes': [],
                                                                                  'Primary': True,
                                                                                  'UUID': '0000180d-0000-1000-8000-00805f9b34fb'},
                                                       'org.freedesktop.DBus.Introspectable': {},
                                                       'org.freedesktop.DBus.Properties': {}},
 '/org/bluez/hci0/dev_77_A9_B8_22_55_16/service003e/char003f': {'org.bluez.GattCharacteristic1': {'Flags': ['notify'],
                                                                                                  'NotifyAcquired': False,
                                                                                                  'Notifying': False,
                                                                                                  'Service': '/org/bluez/hci0/dev_77_A9_B8_22_55_16/service003e',
                                                                                                  'UUID': '00002a37-0000-1000-8000-00805f9b34fb',
                                                                                                  'Value': []},
                                                                'org.freedesktop.DBus.Introspectable': {},
                                                                'org.freedesktop.DBus.Properties': {}},
 '/org/bluez/hci0/dev_77_A9_B8_22_55_16/service003e/char003f/desc0041': {'org.bluez.GattDescriptor1': {'Characteristic': '/org/bluez/hci0/dev_77_A9_B8_22_55_16/service003e/char003f',
                                                                                                       'UUID': '00002902-0000-1000-8000-00805f9b34fb',
                                                                                                       'Value': []},
                                                                         'org.freedesktop.DBus.Introspectable': {},
                                                                         'org.freedesktop.DBus.Properties': {}},
 '/org/bluez/hci0/dev_77_A9_B8_22_55_16/service003e/char0042': {'org.bluez.GattCharacteristic1': {'Flags': ['read'],
                                                                                                  'Service': '/org/bluez/hci0/dev_77_A9_B8_22_55_16/service003e',
                                                                                                  'UUID': '00002a38-0000-1000-8000-00805f9b34fb',
                                                                                                  'Value': []},
                                                                'org.freedesktop.DBus.Introspectable': {},
                                                                'org.freedesktop.DBus.Properties': {}},
 '/org/bluez/hci0/dev_77_A9_B8_22_55_16/service003e/char0044': {'org.bluez.GattCharacteristic1': {'Flags': ['write'],
                                                                                                  'Service': '/org/bluez/hci0/dev_77_A9_B8_22_55_16/service003e',
                                                                                                  'UUID': '00002a39-0000-1000-8000-00805f9b34fb',
                                                                                                  'Value': []},
                                                                'org.freedesktop.DBus.Introspectable': {},
                                                                'org.freedesktop.DBus.Properties': {}},
 '/org/bluez/hci0/dev_77_A9_B8_22_55_16/service0046': {'org.bluez.GattService1': {'Device': '/org/bluez/hci0/dev_77_A9_B8_22_55_16',
                                                                                  'Includes': [],
                                                                                  'Primary': True,
                                                                                  'UUID': '0000aaa0-0000-1000-8000-aabbccddeeff'},
                                                       'org.freedesktop.DBus.Introspectable': {},
                                                       'org.freedesktop.DBus.Properties': {}},
 '/org/bluez/hci0/dev_77_A9_B8_22_55_16/service0046/char0047': {'org.bluez.GattCharacteristic1': {'Flags': ['read',
                                                                                                            'notify'],
                                                                                                  'NotifyAcquired': False,
                                                                                                  'Notifying': False,
                                                                                                  'Service': '/org/bluez/hci0/dev_77_A9_B8_22_55_16/service0046',
                                                                                                  'UUID': '0000aaa1-0000-1000-8000-aabbccddeeff',
                                                                                                  'Value': []},
                                                                'org.freedesktop.DBus.Introspectable': {},
                                                                'org.freedesktop.DBus.Properties': {}},
 '/org/bluez/hci0/dev_77_A9_B8_22_55_16/service0046/char0047/desc0049': {'org.bluez.GattDescriptor1': {'Characteristic': '/org/bluez/hci0/dev_77_A9_B8_22_55_16/service0046/char0047',
                                                                                                       'UUID': '00002902-0000-1000-8000-00805f9b34fb',
                                                                                                       'Value': []},
                                                                         'org.freedesktop.DBus.Introspectable': {},
                                                                         'org.freedesktop.DBus.Properties': {}},
 '/org/bluez/hci0/dev_77_A9_B8_22_55_16/service0046/char0047/desc004a': {'org.bluez.GattDescriptor1': {'Characteristic': '/org/bluez/hci0/dev_77_A9_B8_22_55_16/service0046/char0047',
                                                                                                       'UUID': '0000aab0-0000-1000-8000-aabbccddeeff',
                                                                                                       'Value': []},
                                                                         'org.freedesktop.DBus.Introspectable': {},
                                                                         'org.freedesktop.DBus.Properties': {}},
 '/org/bluez/hci0/dev_77_A9_B8_22_55_16/service0046/char0047/desc004b': {'org.bluez.GattDescriptor1': {'Characteristic': '/org/bluez/hci0/dev_77_A9_B8_22_55_16/service0046/char0047',
                                                                                                       'UUID': '00002901-0000-1000-8000-00805f9b34fb',
                                                                                                       'Value': []},
                                                                         'org.freedesktop.DBus.Introspectable': {},
                                                                         'org.freedesktop.DBus.Properties': {}},
 '/org/bluez/hci0/dev_77_A9_B8_22_55_16/service0046/char0047/desc004c': {'org.bluez.GattDescriptor1': {'Characteristic': '/org/bluez/hci0/dev_77_A9_B8_22_55_16/service0046/char0047',
                                                                                                       'UUID': '00002904-0000-1000-8000-00805f9b34fb',
                                                                                                       'Value': []},
                                                                         'org.freedesktop.DBus.Introspectable': {},
                                                                         'org.freedesktop.DBus.Properties': {}},
 '/org/bluez/hci0/dev_77_A9_B8_22_55_16/service0046/char004d': {'org.bluez.GattCharacteristic1': {'Flags': ['write-without-response',
                                                                                                            'write',
                                                                                                            'indicate'],
                                                                                                  'Notifying': False,
                                                                                                  'Service': '/org/bluez/hci0/dev_77_A9_B8_22_55_16/service0046',
                                                                                                  'UUID': '0000aaa2-0000-1000-8000-aabbccddeeff',
                                                                                                  'Value': [],
                                                                                                  'WriteAcquired': False},
                                                                'org.freedesktop.DBus.Introspectable': {},
                                                                'org.freedesktop.DBus.Properties': {}},
 '/org/bluez/hci0/dev_77_A9_B8_22_55_16/service0046/char004d/desc004f': {'org.bluez.GattDescriptor1': {'Characteristic': '/org/bluez/hci0/dev_77_A9_B8_22_55_16/service0046/char004d',
                                                                                                       'UUID': '00002902-0000-1000-8000-00805f9b34fb',
                                                                                                       'Value': []},
                                                                         'org.freedesktop.DBus.Introspectable': {},
                                                                         'org.freedesktop.DBus.Properties': {}},
 '/org/bluez/hci0/dev_77_A9_B8_22_55_16/service0050': {'org.bluez.GattService1': {'Device': '/org/bluez/hci0/dev_77_A9_B8_22_55_16',
                                                                                  'Includes': [],
                                                                                  'Primary': True,
                                                                                  'UUID': '0000181c-0000-1000-8000-00805f9b34fb'},
                                                       'org.freedesktop.DBus.Introspectable': {},
                                                       'org.freedesktop.DBus.Properties': {}},
 '/org/bluez/hci0/dev_77_A9_B8_22_55_16/service0050/char0051': {'org.bluez.GattCharacteristic1': {'Flags': ['read',
                                                                                                            'write'],
                                                                                                  'Service': '/org/bluez/hci0/dev_77_A9_B8_22_55_16/service0050',
                                                                                                  'UUID': '00002a8a-0000-1000-8000-00805f9b34fb',
                                                                                                  'Value': []},
                                                                'org.freedesktop.DBus.Introspectable': {},
                                                                'org.freedesktop.DBus.Properties': {}},
 '/org/bluez/hci0/dev_77_A9_B8_22_55_16/service0050/char0053': {'org.bluez.GattCharacteristic1': {'Flags': ['read',
                                                                                                            'write'],
                                                                                                  'Service': '/org/bluez/hci0/dev_77_A9_B8_22_55_16/service0050',
                                                                                                  'UUID': '00002a90-0000-1000-8000-00805f9b34fb',
                                                                                                  'Value': []},
                                                                'org.freedesktop.DBus.Introspectable': {},
                                                                'org.freedesktop.DBus.Properties': {}},
 '/org/bluez/hci0/dev_77_A9_B8_22_55_16/service0050/char0055': {'org.bluez.GattCharacteristic1': {'Flags': ['read',
                                                                                                            'write'],
                                                                                                  'Service': '/org/bluez/hci0/dev_77_A9_B8_22_55_16/service0050',
                                                                                                  'UUID': '00002a8c-0000-1000-8000-00805f9b34fb',
                                                                                                  'Value': []},
                                                                'org.freedesktop.DBus.Introspectable': {},
                                                                'org.freedesktop.DBus.Properties': {}},
 '/org/bluez/hci0/dev_C0_E4_34_A6_5C_36': {'org.bluez.Device1': {'Adapter': '/org/bluez/hci0',
                                                                 'Address': 'C0:E4:34:A6:5C:36',
                                                                 'AddressType': 'public',
                                                                 'Alias': 'RTK_BT_4.1',
                                                                 'Blocked': False,
                                                                 'Connected': False,
                                                                 'LegacyPairing': False,
                                                                 'Modalias': 'usb:v1D6Bp0246d0530',
                                                                 'Name': 'RTK_BT_4.1',
                                                                 'Paired': False,
                                                                 'ServicesResolved': False,
                                                                 'Trusted': False,
                                                                 'UUIDs': ['00001104-0000-1000-8000-00805f9b34fb',
                                                                           '00001105-0000-1000-8000-00805f9b34fb',
                                                                           '00001106-0000-1000-8000-00805f9b34fb',
                                                                           '00001108-0000-1000-8000-00805f9b34fb',
                                                                           '0000110a-0000-1000-8000-00805f9b34fb',
                                                                           '0000110b-0000-1000-8000-00805f9b34fb',
                                                                           '0000110c-0000-1000-8000-00805f9b34fb',
                                                                           '0000110e-0000-1000-8000-00805f9b34fb',
                                                                           '00001112-0000-1000-8000-00805f9b34fb',
                                                                           '0000112f-0000-1000-8000-00805f9b34fb',
                                                                           '00001132-0000-1000-8000-00805f9b34fb',
                                                                           '00001133-0000-1000-8000-00805f9b34fb',
                                                                           '00001200-0000-1000-8000-00805f9b34fb',
                                                                           '00005005-0000-1000-8000-0002ee000001']},
                                           'org.bluez.MediaControl1': {'Connected': False},
                                           'org.freedesktop.DBus.Introspectable': {},
                                           'org.freedesktop.DBus.Properties': {}}}>      <root-bluez_0.py-<module>-line 23>
<DEBUG> <MainProcess(7966)> <31-May-20 02:27:06>     <running on python version: 3.5.3 (default, Sep 27 2018, 17:25:39) 
[GCC 6.3.0 20170516]>      <root-bluez_0.py-<module>-line 11>
<DEBUG> <MainProcess(7966)> <31-May-20 02:27:06>     <{'/org/bluez': {'org.bluez.AgentManager1': {},
                'org.bluez.ProfileManager1': {},
                'org.freedesktop.DBus.Introspectable': {}},
 '/org/bluez/hci0': {'org.bluez.Adapter1': {'Address': 'B8:27:EB:E7:44:E3',
                                            'AddressType': 'public',
                                            'Alias': 'thingsGate02',
                                            'Class': 4718592,
                                            'Discoverable': False,
                                            'DiscoverableTimeout': 180,
                                            'Discovering': False,
                                            'Modalias': 'usb:v1D6Bp0246d0532',
                                            'Name': 'thingsGate02',
                                            'Pairable': True,
                                            'PairableTimeout': 0,
                                            'Powered': True,
                                            'UUIDs': ['00001112-0000-1000-8000-00805f9b34fb',
                                                      '00001801-0000-1000-8000-00805f9b34fb',
                                                      '0000110e-0000-1000-8000-00805f9b34fb',
                                                      '00001800-0000-1000-8000-00805f9b34fb',
                                                      '00001200-0000-1000-8000-00805f9b34fb',
                                                      '0000110c-0000-1000-8000-00805f9b34fb',
                                                      '0000110a-0000-1000-8000-00805f9b34fb',
                                                      '0000111f-0000-1000-8000-00805f9b34fb']},
                     'org.bluez.GattManager1': {},
                     'org.bluez.LEAdvertisingManager1': {'ActiveInstances': 0,
                                                         'SupportedIncludes': ['tx-power',
                                                                               'appearance',
                                                                               'local-name'],
                                                         'SupportedInstances': 5},
                     'org.bluez.Media1': {},
                     'org.bluez.NetworkServer1': {},
                     'org.freedesktop.DBus.Introspectable': {},
                     'org.freedesktop.DBus.Properties': {}},
 '/org/bluez/hci0/dev_28_16_AD_31_33_F4': {'org.bluez.Device1': {'Adapter': '/org/bluez/hci0',
                                                                 'Address': '28:16:AD:31:33:F4',
                                                                 'AddressType': 'public',
                                                                 'Alias': 'luis',
                                                                 'Blocked': False,
                                                                 'Class': 1835276,
                                                                 'Connected': False,
                                                                 'Icon': 'computer',
                                                                 'LegacyPairing': False,
                                                                 'Name': 'luis',
                                                                 'Paired': False,
                                                                 'ServicesResolved': False,
                                                                 'Trusted': True,
                                                                 'UUIDs': ['00001800-0000-1000-8000-00805f9b34fb',
                                                                           '00001801-0000-1000-8000-00805f9b34fb']},
                                           'org.freedesktop.DBus.Introspectable': {},
                                           'org.freedesktop.DBus.Properties': {}},
 '/org/bluez/hci0/dev_C0_E4_34_A6_5C_36': {'org.bluez.Device1': {'Adapter': '/org/bluez/hci0',
                                                                 'Address': 'C0:E4:34:A6:5C:36',
                                                                 'AddressType': 'public',
                                                                 'Alias': 'RTK_BT_4.1',
                                                                 'Blocked': False,
                                                                 'Connected': False,
                                                                 'LegacyPairing': False,
                                                                 'Modalias': 'usb:v1D6Bp0246d0530',
                                                                 'Name': 'RTK_BT_4.1',
                                                                 'Paired': False,
                                                                 'ServicesResolved': False,
                                                                 'Trusted': False,
                                                                 'UUIDs': ['00001104-0000-1000-8000-00805f9b34fb',
                                                                           '00001105-0000-1000-8000-00805f9b34fb',
                                                                           '00001106-0000-1000-8000-00805f9b34fb',
                                                                           '00001108-0000-1000-8000-00805f9b34fb',
                                                                           '0000110a-0000-1000-8000-00805f9b34fb',
                                                                           '0000110b-0000-1000-8000-00805f9b34fb',
                                                                           '0000110c-0000-1000-8000-00805f9b34fb',
                                                                           '0000110e-0000-1000-8000-00805f9b34fb',
                                                                           '00001112-0000-1000-8000-00805f9b34fb',
                                                                           '0000112f-0000-1000-8000-00805f9b34fb',
                                                                           '00001132-0000-1000-8000-00805f9b34fb',
                                                                           '00001133-0000-1000-8000-00805f9b34fb',
                                                                           '00001200-0000-1000-8000-00805f9b34fb',
                                                                           '00005005-0000-1000-8000-0002ee000001']},
                                           'org.bluez.MediaControl1': {'Connected': False},
                                           'org.freedesktop.DBus.Introspectable': {},
                                           'org.freedesktop.DBus.Properties': {}}}>      <root-bluez_0.py-<module>-line 23>
<DEBUG> <MainProcess(1327)> <31-May-20 14:00:28>     <running on python version: 3.5.3 (default, Sep 27 2018, 17:25:39) 
[GCC 6.3.0 20170516]>      <root-bluez_0.py-<module>-line 11>
<DEBUG> <MainProcess(1327)> <31-May-20 14:00:28>     <{'/org/bluez': {'org.bluez.AgentManager1': {},
                'org.bluez.ProfileManager1': {},
                'org.freedesktop.DBus.Introspectable': {}},
 '/org/bluez/hci0': {'org.bluez.Adapter1': {'Address': 'B8:27:EB:E7:44:E3',
                                            'AddressType': 'public',
                                            'Alias': 'thingsGate02',
                                            'Class': 4718592,
                                            'Discoverable': False,
                                            'DiscoverableTimeout': 180,
                                            'Discovering': False,
                                            'Modalias': 'usb:v1D6Bp0246d0532',
                                            'Name': 'thingsGate02',
                                            'Pairable': True,
                                            'PairableTimeout': 0,
                                            'Powered': True,
                                            'UUIDs': ['00001112-0000-1000-8000-00805f9b34fb',
                                                      '00001801-0000-1000-8000-00805f9b34fb',
                                                      '0000110e-0000-1000-8000-00805f9b34fb',
                                                      '00001800-0000-1000-8000-00805f9b34fb',
                                                      '00001200-0000-1000-8000-00805f9b34fb',
                                                      '0000110c-0000-1000-8000-00805f9b34fb',
                                                      '0000110a-0000-1000-8000-00805f9b34fb',
                                                      '0000111f-0000-1000-8000-00805f9b34fb']},
                     'org.bluez.GattManager1': {},
                     'org.bluez.LEAdvertisingManager1': {'ActiveInstances': 0,
                                                         'SupportedIncludes': ['tx-power',
                                                                               'appearance',
                                                                               'local-name'],
                                                         'SupportedInstances': 5},
                     'org.bluez.Media1': {},
                     'org.bluez.NetworkServer1': {},
                     'org.freedesktop.DBus.Introspectable': {},
                     'org.freedesktop.DBus.Properties': {}},
 '/org/bluez/hci0/dev_28_16_AD_31_33_F4': {'org.bluez.Device1': {'Adapter': '/org/bluez/hci0',
                                                                 'Address': '28:16:AD:31:33:F4',
                                                                 'AddressType': 'public',
                                                                 'Alias': 'luis',
                                                                 'Blocked': False,
                                                                 'Class': 1835276,
                                                                 'Connected': False,
                                                                 'Icon': 'computer',
                                                                 'LegacyPairing': False,
                                                                 'Name': 'luis',
                                                                 'Paired': False,
                                                                 'ServicesResolved': False,
                                                                 'Trusted': True,
                                                                 'UUIDs': ['00001800-0000-1000-8000-00805f9b34fb',
                                                                           '00001801-0000-1000-8000-00805f9b34fb']},
                                           'org.freedesktop.DBus.Introspectable': {},
                                           'org.freedesktop.DBus.Properties': {}},
 '/org/bluez/hci0/dev_C0_E4_34_A6_5C_36': {'org.bluez.Device1': {'Adapter': '/org/bluez/hci0',
                                                                 'Address': 'C0:E4:34:A6:5C:36',
                                                                 'AddressType': 'public',
                                                                 'Alias': 'RTK_BT_4.1',
                                                                 'Blocked': False,
                                                                 'Connected': False,
                                                                 'LegacyPairing': False,
                                                                 'Modalias': 'usb:v1D6Bp0246d0530',
                                                                 'Name': 'RTK_BT_4.1',
                                                                 'Paired': False,
                                                                 'ServicesResolved': False,
                                                                 'Trusted': False,
                                                                 'UUIDs': ['00001104-0000-1000-8000-00805f9b34fb',
                                                                           '00001105-0000-1000-8000-00805f9b34fb',
                                                                           '00001106-0000-1000-8000-00805f9b34fb',
                                                                           '00001108-0000-1000-8000-00805f9b34fb',
                                                                           '0000110a-0000-1000-8000-00805f9b34fb',
                                                                           '0000110b-0000-1000-8000-00805f9b34fb',
                                                                           '0000110c-0000-1000-8000-00805f9b34fb',
                                                                           '0000110e-0000-1000-8000-00805f9b34fb',
                                                                           '00001112-0000-1000-8000-00805f9b34fb',
                                                                           '0000112f-0000-1000-8000-00805f9b34fb',
                                                                           '00001132-0000-1000-8000-00805f9b34fb',
                                                                           '00001133-0000-1000-8000-00805f9b34fb',
                                                                           '00001200-0000-1000-8000-00805f9b34fb',
                                                                           '00005005-0000-1000-8000-0002ee000001']},
                                           'org.bluez.MediaControl1': {'Connected': False},
                                           'org.freedesktop.DBus.Introspectable': {},
                                           'org.freedesktop.DBus.Properties': {}}}>      <root-bluez_0.py-<module>-line 23>
<DEBUG> <MainProcess(3119)> <31-May-20 14:27:40>     <running on python version: 3.5.3 (default, Sep 27 2018, 17:25:39) 
[GCC 6.3.0 20170516]>      <root-pydbus_bluez_test_adapter_0.py-<module>-line 12>
<DEBUG> <MainProcess(3119)> <31-May-20 14:27:40>     <<DBUS.org.bluez.Adapter1 object at 0x75b9e050>>      <root-pydbus_bluez_test_adapter_0.py-<module>-line 16>
<DEBUG> <MainProcess(3433)> <31-May-20 14:32:14>     <running on python version: 3.5.3 (default, Sep 27 2018, 17:25:39) 
[GCC 6.3.0 20170516]>      <root-pydbus_bluez_test_adapter_0.py-<module>-line 12>
<DEBUG> <MainProcess(3433)> <31-May-20 14:32:14>     <<DBUS.org.bluez.Adapter1 object at 0x75c240b0>>      <root-pydbus_bluez_test_adapter_0.py-<module>-line 16>
<DEBUG> <MainProcess(3595)> <31-May-20 14:35:08>     <running on python version: 3.5.3 (default, Sep 27 2018, 17:25:39) 
[GCC 6.3.0 20170516]>      <root-pydbus_bluez_test_adapter_0.py-<module>-line 12>
<DEBUG> <MainProcess(3595)> <31-May-20 14:35:08>     <<DBUS.org.bluez.Adapter1 object at 0x75c4a070>>      <root-pydbus_bluez_test_adapter_0.py-<module>-line 16>
<DEBUG> <MainProcess(4260)> <31-May-20 15:46:55>     <running on python version: 3.5.3 (default, Sep 27 2018, 17:25:39) 
[GCC 6.3.0 20170516]>      <root-pydbus_bluez_test_adapter_0.py-<module>-line 14>
<DEBUG> <MainProcess(4277)> <31-May-20 15:47:14>     <running on python version: 3.5.3 (default, Sep 27 2018, 17:25:39) 
[GCC 6.3.0 20170516]>      <root-pydbus_bluez_test_adapter_0.py-<module>-line 14>
<DEBUG> <MainProcess(4297)> <31-May-20 15:47:44>     <running on python version: 3.5.3 (default, Sep 27 2018, 17:25:39) 
[GCC 6.3.0 20170516]>      <root-pydbus_bluez_test_adapter_0.py-<module>-line 14>
<DEBUG> <MainProcess(4297)> <31-May-20 15:47:44>     <(3, 36, 1)>      <root-pydbus_bluez_test_adapter_0.py-<module>-line 16>
<DEBUG> <MainProcess(4297)> <31-May-20 15:47:44>     <<DBUS.org.bluez.Adapter1 object at 0x75c7f070>>      <root-pydbus_bluez_test_adapter_0.py-<module>-line 20>
<DEBUG> <MainProcess(4316)> <31-May-20 15:48:25>     <running on python version: 3.5.3 (default, Sep 27 2018, 17:25:39) 
[GCC 6.3.0 20170516]>      <root-pydbus_bluez_test_adapter_0.py-<module>-line 14>
<DEBUG> <MainProcess(4316)> <31-May-20 15:48:25>     <<DBUS.org.bluez.Adapter1 object at 0x75ca4850>>      <root-pydbus_bluez_test_adapter_0.py-<module>-line 20>
<DEBUG> <MainProcess(4335)> <31-May-20 15:48:45>     <running on python version: 3.5.3 (default, Sep 27 2018, 17:25:39) 
[GCC 6.3.0 20170516]>      <root-pydbus_bluez_test_adapter_0.py-<module>-line 14>
<DEBUG> <MainProcess(4335)> <31-May-20 15:48:45>     <PyGObject version(3, 36, 1)>      <root-pydbus_bluez_test_adapter_0.py-<module>-line 16>
<DEBUG> <MainProcess(4335)> <31-May-20 15:48:45>     <<DBUS.org.bluez.Adapter1 object at 0x75ba8090>>      <root-pydbus_bluez_test_adapter_0.py-<module>-line 20>
<DEBUG> <MainProcess(4999)> <31-May-20 16:07:19>     <running on python version: 3.5.3 (default, Sep 27 2018, 17:25:39) 
[GCC 6.3.0 20170516]>      <root-pydbus_bluez_test_adapter_0.py-<module>-line 17>
<DEBUG> <MainProcess(4999)> <31-May-20 16:07:19>     <PyGObject version (3, 36, 1)>      <root-pydbus_bluez_test_adapter_0.py-<module>-line 19>
<DEBUG> <MainProcess(4999)> <31-May-20 16:07:19>     <<DBUS.org.bluez.Adapter1 object at 0x75c11090>>      <root-pydbus_bluez_test_adapter_0.py-<module>-line 23>
<DEBUG> <MainProcess(5021)> <31-May-20 16:08:04>     <running on python version: 3.5.3 (default, Sep 27 2018, 17:25:39) 
[GCC 6.3.0 20170516]>      <root-pydbus_bluez_test_adapter_0.py-<module>-line 17>
<DEBUG> <MainProcess(5021)> <31-May-20 16:08:04>     <PyGObject version (3, 36, 1)>      <root-pydbus_bluez_test_adapter_0.py-<module>-line 19>
<DEBUG> <MainProcess(5021)> <31-May-20 16:08:04>     <<DBUS.org.bluez.Adapter1 object at 0x75bce0b0>>      <root-pydbus_bluez_test_adapter_0.py-<module>-line 23>
<DEBUG> <MainProcess(5021)> <31-May-20 16:08:04>     <<class '__main__.testObject'>>      <root-pydbus_bluez_test_adapter_0.py-<module>-line 26>
